Copyright 1986-2020 Xilinx, Inc. All Rights Reserved.
---------------------------------------------------------------------------------------------
| Tool Version : Vivado v.2020.1 (win64) Build 2902540 Wed May 27 19:54:49 MDT 2020
| Date         : Thu Mar 20 21:11:15 2025
| Host         : LAPTOP-8C5H2GG1 running 64-bit major release  (build 9200)
| Command      : report_control_sets -verbose -file design_1_wrapper_control_sets_placed.rpt
| Design       : design_1_wrapper
| Device       : xc7z020
---------------------------------------------------------------------------------------------

Control Set Information

Table of Contents
-----------------
1. Summary
2. Histogram
3. Flip-Flop Distribution
4. Detailed Control Set Information

1. Summary
----------

+----------------------------------------------------------+-------+
|                          Status                          | Count |
+----------------------------------------------------------+-------+
| Total control sets                                       |    10 |
|    Minimum number of control sets                        |    10 |
|    Addition due to synthesis replication                 |     0 |
|    Addition due to physical synthesis replication        |     0 |
| Unused register locations in slices containing registers |    18 |
+----------------------------------------------------------+-------+
* Control sets can be merged at opt_design using control_set_merge or merge_equivalent_drivers
** Run report_qor_suggestions for automated merging and remapping suggestions


2. Histogram
------------

+--------------------+-------+
|       Fanout       | Count |
+--------------------+-------+
| Total control sets |    10 |
| >= 0 to < 4        |     1 |
| >= 4 to < 6        |     0 |
| >= 6 to < 8        |     1 |
| >= 8 to < 10       |     3 |
| >= 10 to < 12      |     0 |
| >= 12 to < 14      |     0 |
| >= 14 to < 16      |     0 |
| >= 16              |     5 |
+--------------------+-------+
* Control sets can be remapped at either synth_design or opt_design


3. Flip-Flop Distribution
-------------------------

+--------------+-----------------------+------------------------+-----------------+--------------+
| Clock Enable | Synchronous Set/Reset | Asynchronous Set/Reset | Total Registers | Total Slices |
+--------------+-----------------------+------------------------+-----------------+--------------+
| No           | No                    | No                     |               3 |            2 |
| No           | No                    | Yes                    |               0 |            0 |
| No           | Yes                   | No                     |            1644 |          435 |
| Yes          | No                    | No                     |               0 |            0 |
| Yes          | No                    | Yes                    |               0 |            0 |
| Yes          | Yes                   | No                     |            1575 |          331 |
+--------------+-----------------------+------------------------+-----------------+--------------+


4. Detailed Control Set Information
-----------------------------------

+-----------------+--------------------------------------------------------------------------------+--------------------------------------------+------------------+----------------+--------------+
|   Clock Signal  |                                  Enable Signal                                 |              Set/Reset Signal              | Slice Load Count | Bel Load Count | Bels / Slice |
+-----------------+--------------------------------------------------------------------------------+--------------------------------------------+------------------+----------------+--------------+
|  iClk_IBUF_BUFG |                                                                                |                                            |                2 |              3 |         1.50 |
|  iClk_IBUF_BUFG | design_1_i/uart_top_0/inst/UART_RX_INST/E[0]                                   | design_1_i/Debounce_Switch_0/inst/o_Switch |                2 |              7 |         3.50 |
|  iClk_IBUF_BUFG | design_1_i/uart_top_0/inst/UART_RX_INST/wRxData_Next                           | design_1_i/Debounce_Switch_0/inst/o_Switch |                2 |              8 |         4.00 |
|  iClk_IBUF_BUFG | design_1_i/uart_top_0/inst/UART_TX_INST/wTxData_Next                           | design_1_i/Debounce_Switch_0/inst/o_Switch |                2 |              8 |         4.00 |
|  iClk_IBUF_BUFG | design_1_i/uart_top_0/inst/rTxByte                                             | design_1_i/Debounce_Switch_0/inst/o_Switch |                2 |              8 |         4.00 |
|  iClk_IBUF_BUFG |                                                                                | design_1_i/Debounce_Switch_0/inst/p_0_in   |                5 |             18 |         3.60 |
|  iClk_IBUF_BUFG | design_1_i/uart_top_0/inst/UART_RX_INST/FSM_sequential_rFSM_reg[0]_rep__2[0]   | design_1_i/Debounce_Switch_0/inst/o_Switch |               82 |            512 |         6.24 |
|  iClk_IBUF_BUFG | design_1_i/uart_top_0/inst/UART_RX_INST/FSM_sequential_rFSM_reg[0]_rep__2_0[0] | design_1_i/Debounce_Switch_0/inst/o_Switch |               97 |            512 |         5.28 |
|  iClk_IBUF_BUFG | design_1_i/uart_top_0/inst/MP_ADDER_INST/E[0]                                  | design_1_i/Debounce_Switch_0/inst/o_Switch |              144 |            520 |         3.61 |
|  iClk_IBUF_BUFG |                                                                                | design_1_i/Debounce_Switch_0/inst/o_Switch |              430 |           1626 |         3.78 |
+-----------------+--------------------------------------------------------------------------------+--------------------------------------------+------------------+----------------+--------------+


