#-----------------------------------------------------------
# Vivado v2020.1 (64-bit)
# SW Build 2902540 on Wed May 27 19:54:49 MDT 2020
# IP Build 2902112 on Wed May 27 22:43:36 MDT 2020
# Start of session at: Thu Mar 13 17:10:13 2025
# Process ID: 28428
# Current directory: D:/PracticeProject/CDD_VerilogProject/Lab2/uart1
# Command line: vivado.exe -gui_launcher_event rodinguilauncherevent31296 D:\PracticeProject\CDD_VerilogProject\Lab2\uart1\uart1.xpr
# Log file: D:/PracticeProject/CDD_VerilogProject/Lab2/uart1/vivado.log
# Journal file: D:/PracticeProject/CDD_VerilogProject/Lab2/uart1\vivado.jou
#-----------------------------------------------------------
start_gui
open_project D:/PracticeProject/CDD_VerilogProject/Lab2/uart1/uart1.xpr
Scanning sources...
Finished scanning sources
INFO: [IP_Flow 19-234] Refreshing IP repositories
INFO: [IP_Flow 19-1704] No user IP repositories specified
INFO: [IP_Flow 19-2313] Loaded Vivado IP repository 'D:/Software/Xilinx/Vivado/2020.1/data/ip'.
open_project: Time (s): cpu = 00:00:11 ; elapsed = 00:00:05 . Memory (MB): peak = 1206.574 ; gain = 0.000
update_compile_order -fileset sources_1
WARNING: [filemgmt 56-199] Attempt to get parsing info during refresh. "On-the-fly" syntax checking information may be incorrect. [D:\PracticeProject\CDD_VerilogProject\Lab2\uart1\uart1.srcs\sources_1\new\uart_rx.v:]
WARNING: [filemgmt 56-199] Attempt to get parsing info during refresh. "On-the-fly" syntax checking information may be incorrect. [D:\PracticeProject\CDD_VerilogProject\Lab2\uart1\uart1.srcs\sources_1\new\uart_top.v:]
ERROR: [Common 17-180] Spawn failed: No error
exit
INFO: [Common 17-206] Exiting Vivado at Thu Mar 13 18:17:55 2025...
