#-----------------------------------------------------------
# Vivado v2020.1 (64-bit)
# SW Build 2902540 on Wed May 27 19:54:49 MDT 2020
# IP Build 2902112 on Wed May 27 22:43:36 MDT 2020
# Start of session at: Sun Mar 16 17:51:41 2025
# Process ID: 23748
# Current directory: D:/PracticeProject/CDD_VerilogProject/Lab2/uart1
# Command line: vivado.exe -gui_launcher_event rodinguilauncherevent18860 D:\PracticeProject\CDD_VerilogProject\Lab2\uart1\uart1.xpr
# Log file: D:/PracticeProject/CDD_VerilogProject/Lab2/uart1/vivado.log
# Journal file: D:/PracticeProject/CDD_VerilogProject/Lab2/uart1\vivado.jou
#-----------------------------------------------------------
start_gui
open_project D:/PracticeProject/CDD_VerilogProject/Lab2/uart1/uart1.xpr
Scanning sources...
Finished scanning sources
INFO: [IP_Flow 19-234] Refreshing IP repositories
INFO: [IP_Flow 19-1704] No user IP repositories specified
INFO: [IP_Flow 19-2313] Loaded Vivado IP repository 'D:/Software/Xilinx/Vivado/2020.1/data/ip'.
update_compile_order -fileset sources_1
exit
INFO: [Common 17-206] Exiting Vivado at Sun Mar 16 17:52:32 2025...
